2024-12-04 18:33:42,490 - Discussion_Manager - INFO - 
논의 시작...
2024-12-04 18:33:42,490 - Discussion_Manager - INFO - 
****************************************************************************************************
2024-12-04 18:33:42,490 - Discussion_Manager - INFO - 단계: 논의 초기화
2024-12-04 18:33:42,492 - Discussion_Manager - INFO - ****************************************************************************************************
2024-12-04 18:33:42,492 - Discussion_Manager - INFO - 
참여 전문가:
2024-12-04 18:33:42,492 - Discussion_Manager - INFO - [
  "Macro Economist",
  "생명공학자",
  "시계열 데이터 전문가",
  "Risk Manager",
  "수학자",
  "금융공학자"
]
2024-12-04 18:33:42,493 - Discussion_Manager - INFO - 
예정된 라운드 수:
2024-12-04 18:33:42,494 - Discussion_Manager - INFO - 5
2024-12-04 18:33:42,494 - Discussion_Manager - INFO - 
****************************************************************************************************

2024-12-04 18:33:42,494 - Discussion_Manager - INFO - 
에이전트 생성 시작...
