2024-12-04 18:35:50,620 - Discussion_Manager - INFO - 
논의 시작...
2024-12-04 18:35:50,621 - Discussion_Manager - INFO - 
****************************************************************************************************
2024-12-04 18:35:50,622 - Discussion_Manager - INFO - 단계: 논의 초기화
2024-12-04 18:35:50,622 - Discussion_Manager - INFO - ****************************************************************************************************
2024-12-04 18:35:50,623 - Discussion_Manager - INFO - 
참여 전문가:
2024-12-04 18:35:50,623 - Discussion_Manager - INFO - [
  "시계열 데이터 전문가",
  "수학자",
  "Quantitative Analyst",
  "Data Engineer",
  "심리학자",
  "Risk Manager"
]
2024-12-04 18:35:50,624 - Discussion_Manager - INFO - 
예정된 라운드 수:
2024-12-04 18:35:50,625 - Discussion_Manager - INFO - 5
2024-12-04 18:35:50,625 - Discussion_Manager - INFO - 
****************************************************************************************************

2024-12-04 18:35:50,626 - Discussion_Manager - INFO - 
에이전트 생성 시작...
2024-12-04 18:35:52,965 - Discussion_Manager - INFO - 
****************************************************************************************************
2024-12-04 18:35:52,965 - Discussion_Manager - INFO - 단계: 에이전트 생성 완료
2024-12-04 18:35:52,966 - Discussion_Manager - INFO - ****************************************************************************************************
2024-12-04 18:35:52,967 - Discussion_Manager - INFO - 
생성된 에이전트:
2024-12-04 18:35:52,967 - Discussion_Manager - INFO - [
  {
    "role": "시계열 데이터 전문가",
    "speciality": "Time Series Analysis"
  },
  {
    "role": "수학자",
    "speciality": "Mathematical Modeling"
  },
  {
    "role": "Quantitative Analyst",
    "speciality": "Financial Modeling and Statistical Analysis"
  },
  {
    "role": "Data Engineer",
    "speciality": "Data Processing and Pipeline Development"
  },
  {
    "role": "심리학자",
    "speciality": "Psychological Analysis"
  },
  {
    "role": "Risk Manager",
    "speciality": "Risk Assessment and Management"
  }
]
2024-12-04 18:35:52,970 - Discussion_Manager - INFO - 
****************************************************************************************************

2024-12-04 18:35:52,970 - Discussion_Manager - INFO - 
****************************************************************************************************
2024-12-04 18:35:52,970 - Discussion_Manager - INFO - 단계: 첫 논의 주제 선정
2024-12-04 18:35:52,970 - Discussion_Manager - INFO - ****************************************************************************************************
2024-12-04 18:35:52,972 - Discussion_Manager - INFO - 
선정된 주제:
2024-12-04 18:35:52,972 - Discussion_Manager - INFO - "모멘텀 기반 알파 전략의 기초 분석과 개발 방향 설정"
2024-12-04 18:35:52,973 - Discussion_Manager - INFO - 
선정 이유:
2024-12-04 18:35:52,973 - Discussion_Manager - INFO - "기본 알파 전략 개발을 위한 시작점"
2024-12-04 18:35:52,973 - Discussion_Manager - INFO - 
****************************************************************************************************

2024-12-04 18:35:52,974 - Discussion_Manager - INFO - 
=== 라운드 1: 모멘텀 기반 알파 전략의 기초 분석과 개발 방향 설정 시작 ===

