2024-12-04 19:45:08,306 - Discussion_Manager - INFO - 
논의 시작...
2024-12-04 19:45:08,307 - Discussion_Manager - INFO - 
****************************************************************************************************
2024-12-04 19:45:08,307 - Discussion_Manager - INFO - 단계: 논의 초기화
2024-12-04 19:45:08,308 - Discussion_Manager - INFO - ****************************************************************************************************
2024-12-04 19:45:08,309 - Discussion_Manager - INFO - 
참여 전문가:
2024-12-04 19:45:08,309 - Discussion_Manager - INFO - [
  "통계학자",
  "Quantitative Analyst",
  "생명공학자",
  "Behavioral Economist",
  "심리학자",
  "Market Historian"
]
2024-12-04 19:45:08,318 - Discussion_Manager - INFO - 
예정된 라운드 수:
2024-12-04 19:45:08,318 - Discussion_Manager - INFO - 5
2024-12-04 19:45:08,319 - Discussion_Manager - INFO - 
****************************************************************************************************

2024-12-04 19:45:08,319 - Discussion_Manager - INFO - 
에이전트 생성 시작...
2024-12-04 19:45:10,437 - Discussion_Manager - INFO - 
****************************************************************************************************
2024-12-04 19:45:10,437 - Discussion_Manager - INFO - 단계: 에이전트 생성 완료
2024-12-04 19:45:10,437 - Discussion_Manager - INFO - ****************************************************************************************************
2024-12-04 19:45:10,438 - Discussion_Manager - INFO - 
생성된 에이전트:
2024-12-04 19:45:10,438 - Discussion_Manager - INFO - [
  {
    "role": "통계학자",
    "speciality": "Statistical Theory and Applications"
  },
  {
    "role": "Quantitative Analyst",
    "speciality": "Financial Modeling and Statistical Analysis"
  },
  {
    "role": "생명공학자",
    "speciality": "Biological Systems Analysis"
  },
  {
    "role": "Behavioral Economist",
    "speciality": "Market Psychology and Behavioral Analysis"
  },
  {
    "role": "심리학자",
    "speciality": "Psychological Analysis"
  },
  {
    "role": "Market Historian",
    "speciality": "Historical Market Analysis"
  }
]
2024-12-04 19:45:10,439 - Discussion_Manager - INFO - 
****************************************************************************************************

2024-12-04 19:45:10,440 - Discussion_Manager - INFO - 
****************************************************************************************************
2024-12-04 19:45:10,440 - Discussion_Manager - INFO - 단계: 첫 논의 주제 선정
2024-12-04 19:45:10,440 - Discussion_Manager - INFO - ****************************************************************************************************
2024-12-04 19:45:10,440 - Discussion_Manager - INFO - 
선정된 주제:
2024-12-04 19:45:10,441 - Discussion_Manager - INFO - "모멘텀 기반 알파 전략의 기초 분석과 개발 방향 설정"
2024-12-04 19:45:10,441 - Discussion_Manager - INFO - 
선정 이유:
2024-12-04 19:45:10,441 - Discussion_Manager - INFO - "기본 알파 전략 개발을 위한 시작점"
2024-12-04 19:45:10,441 - Discussion_Manager - INFO - 
****************************************************************************************************

2024-12-04 19:45:10,441 - Discussion_Manager - INFO - 
=== 라운드 1: 모멘텀 기반 알파 전략의 기초 분석과 개발 방향 설정 시작 ===

