2024-12-04 19:05:27,255 - Discussion_Manager - INFO - 
논의 시작...
2024-12-04 19:05:27,256 - Discussion_Manager - INFO - 
****************************************************************************************************
2024-12-04 19:05:27,256 - Discussion_Manager - INFO - 단계: 논의 초기화
2024-12-04 19:05:27,256 - Discussion_Manager - INFO - ****************************************************************************************************
2024-12-04 19:05:27,256 - Discussion_Manager - INFO - 
참여 전문가:
2024-12-04 19:05:27,256 - Discussion_Manager - INFO - [
  "Macro Economist",
  "통계학자",
  "수학자",
  "Data Engineer",
  "Machine Learning Expert",
  "심리학자"
]
2024-12-04 19:05:27,260 - Discussion_Manager - INFO - 
예정된 라운드 수:
2024-12-04 19:05:27,260 - Discussion_Manager - INFO - 5
2024-12-04 19:05:27,261 - Discussion_Manager - INFO - 
****************************************************************************************************

2024-12-04 19:05:27,261 - Discussion_Manager - INFO - 
에이전트 생성 시작...
2024-12-04 19:05:29,487 - Discussion_Manager - INFO - 
****************************************************************************************************
2024-12-04 19:05:29,488 - Discussion_Manager - INFO - 단계: 에이전트 생성 완료
2024-12-04 19:05:29,488 - Discussion_Manager - INFO - ****************************************************************************************************
2024-12-04 19:05:29,488 - Discussion_Manager - INFO - 
생성된 에이전트:
2024-12-04 19:05:29,489 - Discussion_Manager - INFO - [
  {
    "role": "Macro Economist",
    "speciality": "Macroeconomic Analysis"
  },
  {
    "role": "통계학자",
    "speciality": "Statistical Theory and Applications"
  },
  {
    "role": "수학자",
    "speciality": "Mathematical Modeling"
  },
  {
    "role": "Data Engineer",
    "speciality": "Data Processing and Pipeline Development"
  },
  {
    "role": "Machine Learning Expert",
    "speciality": "AI/ML Applications in Finance"
  },
  {
    "role": "심리학자",
    "speciality": "Psychological Analysis"
  }
]
2024-12-04 19:05:29,490 - Discussion_Manager - INFO - 
****************************************************************************************************

2024-12-04 19:05:29,491 - Discussion_Manager - INFO - 
****************************************************************************************************
2024-12-04 19:05:29,491 - Discussion_Manager - INFO - 단계: 첫 논의 주제 선정
2024-12-04 19:05:29,491 - Discussion_Manager - INFO - ****************************************************************************************************
2024-12-04 19:05:29,492 - Discussion_Manager - INFO - 
선정된 주제:
2024-12-04 19:05:29,492 - Discussion_Manager - INFO - "모멘텀 기반 알파 전략의 기초 분석과 개발 방향 설정"
2024-12-04 19:05:29,492 - Discussion_Manager - INFO - 
선정 이유:
2024-12-04 19:05:29,492 - Discussion_Manager - INFO - "기본 알파 전략 개발을 위한 시작점"
2024-12-04 19:05:29,494 - Discussion_Manager - INFO - 
****************************************************************************************************

2024-12-04 19:05:29,494 - Discussion_Manager - INFO - 
=== 라운드 1: 모멘텀 기반 알파 전략의 기초 분석과 개발 방향 설정 시작 ===

