2024-12-04 19:02:14,708 - Discussion_Manager - INFO - 
논의 시작...
2024-12-04 19:02:14,709 - Discussion_Manager - INFO - 
****************************************************************************************************
2024-12-04 19:02:14,709 - Discussion_Manager - INFO - 단계: 논의 초기화
2024-12-04 19:02:14,710 - Discussion_Manager - INFO - ****************************************************************************************************
2024-12-04 19:02:14,710 - Discussion_Manager - INFO - 
참여 전문가:
2024-12-04 19:02:14,711 - Discussion_Manager - INFO - [
  "Data Engineer",
  "금융공학자",
  "통계학자",
  "Market Historian",
  "시계열 데이터 전문가",
  "Macro Economist"
]
2024-12-04 19:02:14,712 - Discussion_Manager - INFO - 
예정된 라운드 수:
2024-12-04 19:02:14,712 - Discussion_Manager - INFO - 5
2024-12-04 19:02:14,712 - Discussion_Manager - INFO - 
****************************************************************************************************

2024-12-04 19:02:14,713 - Discussion_Manager - INFO - 
에이전트 생성 시작...
2024-12-04 19:02:16,817 - Discussion_Manager - INFO - 
****************************************************************************************************
2024-12-04 19:02:16,818 - Discussion_Manager - INFO - 단계: 에이전트 생성 완료
2024-12-04 19:02:16,818 - Discussion_Manager - INFO - ****************************************************************************************************
2024-12-04 19:02:16,819 - Discussion_Manager - INFO - 
생성된 에이전트:
2024-12-04 19:02:16,820 - Discussion_Manager - INFO - [
  {
    "role": "Data Engineer",
    "speciality": "Data Processing and Pipeline Development"
  },
  {
    "role": "금융공학자",
    "speciality": "Financial Engineering"
  },
  {
    "role": "통계학자",
    "speciality": "Statistical Theory and Applications"
  },
  {
    "role": "Market Historian",
    "speciality": "Historical Market Analysis"
  },
  {
    "role": "시계열 데이터 전문가",
    "speciality": "Time Series Analysis"
  },
  {
    "role": "Macro Economist",
    "speciality": "Macroeconomic Analysis"
  }
]
2024-12-04 19:02:16,822 - Discussion_Manager - INFO - 
****************************************************************************************************

2024-12-04 19:02:16,823 - Discussion_Manager - INFO - 
****************************************************************************************************
2024-12-04 19:02:16,824 - Discussion_Manager - INFO - 단계: 첫 논의 주제 선정
2024-12-04 19:02:16,824 - Discussion_Manager - INFO - ****************************************************************************************************
2024-12-04 19:02:16,824 - Discussion_Manager - INFO - 
선정된 주제:
2024-12-04 19:02:16,824 - Discussion_Manager - INFO - "모멘텀 기반 알파 전략의 기초 분석과 개발 방향 설정"
2024-12-04 19:02:16,825 - Discussion_Manager - INFO - 
선정 이유:
2024-12-04 19:02:16,825 - Discussion_Manager - INFO - "기본 알파 전략 개발을 위한 시작점"
2024-12-04 19:02:16,825 - Discussion_Manager - INFO - 
****************************************************************************************************

2024-12-04 19:02:16,826 - Discussion_Manager - INFO - 
=== 라운드 1: 모멘텀 기반 알파 전략의 기초 분석과 개발 방향 설정 시작 ===

